
 ==============================
 S N O P T  7.2-5    (May 2007)
 ==============================
 
 SNMEMB EXIT 100 -- finished successfully
 SNMEMB INFO 104 -- memory requirements estimated

 ==============================
 S N O P T  7.2-5    (May 2007)
 ==============================
 
 

 Nonlinear constraints     105     Linear constraints       0
 Nonlinear variables        42     Linear variables         0
 Jacobian  variables        42     Objective variables     42
 Total constraints         105     Total variables         42
 

 
 The user has defined    4410   out of    4410   constraint gradients.
 The user has defined      42   out of      42   objective  gradients.
 

 Major Minors     Step   nCon Feasible  Optimal  MeritFunction    nS Penalty
     0     41               1 (0.0E+00) 3.8E-05  1.3607023E+01                 r
     1      0  1.0E+00      2  1.4E-06 (3.0E-07) 6.9985180E+00               n r
     2      0  1.0E+00      3  2.1E-09 (8.8E-08) 5.9331642E+00               n r
     3      3  1.0E+00      4 (2.4E-13) 3.7E-06  5.2451369E+00               n r
     4      4  1.0E+00      5 (2.4E-13)(8.2E-07) 4.9296100E+00               n r
 
 SNOPTC EXIT   0 -- finished successfully
 SNOPTC INFO   1 -- optimality conditions satisfied

 Problem name                 w
 No. of iterations                  48   Objective value      5.0042655384E+00
 No. of major iterations             4   Linear objective     0.0000000000E+00
 Penalty parameter           0.000E+00   Nonlinear objective  5.0042655384E+00
 No. of calls to funobj              6   No. of calls to funcon              6
 No. of degenerate steps             1   Percentage                       2.08
 Max x                       3 4.7E-02   Max pi                     14 2.3E+04
 Max Primal infeas           0 0.0E+00   Max Dual infeas            15 9.4E+00
 Nonlinear constraint violn    2.6E-13
 
 

 Solution printed on file  18
 
 Time for MPS input                             0.00 seconds
 Time for solving problem                       0.02 seconds
 Time for solution output                       0.00 seconds
 Time for constraint functions                  0.02 seconds
 Time for objective function                    0.00 seconds
